===== BUILD LOG [MoogFilter] =====
Sun Sep 14 23:44:32 CEST 2025

[38;2;255;255;255m[INFO][0m    manifest updated → name=MoogFilter  module=modfx  version=1.34-0
-- Configuring done (0.0s)
-- Generating done (0.0s)
-- Build files have been written to: /Users/maxi/code/repos/prologue-fx/fx/MoogFilter/build
[ 25%] Building CXX object CMakeFiles/MoogFilter.dir/src/MoogFilterFX.cpp.obj
[ 50%] Linking CXX executable MoogFilter.elf

Cross Reference Table

Symbol                                            File
FXBase::process_sub_L(float)                      CMakeFiles/MoogFilter.dir/src/MoogFilterFX.cpp.obj
FXBase::process_sub_R(float)                      CMakeFiles/MoogFilter.dir/src/MoogFilterFX.cpp.obj
MoogFilterFX::MoogFilterFX()                      CMakeFiles/MoogFilter.dir/src/MoogFilterFX.cpp.obj
MoogFilterFX::MoogFilterFX()                      CMakeFiles/MoogFilter.dir/src/MoogFilterFX.cpp.obj
MoogFilterFX::process_filter(float, float*, float&) const CMakeFiles/MoogFilter.dir/src/MoogFilterFX.cpp.obj
MoogFilterFX::process_main_L(float)               CMakeFiles/MoogFilter.dir/src/MoogFilterFX.cpp.obj
MoogFilterFX::process_main_R(float)               CMakeFiles/MoogFilter.dir/src/MoogFilterFX.cpp.obj
MoogFilterFX::set_depth(float)                    CMakeFiles/MoogFilter.dir/src/MoogFilterFX.cpp.obj
MoogFilterFX::set_speed(float)                    CMakeFiles/MoogFilter.dir/src/MoogFilterFX.cpp.obj
__init_array_end                                  CMakeFiles/MoogFilter.dir/Users/maxi/code/repos/prologue-fx/shared/tpl/_unit.c.obj
__init_array_start                                CMakeFiles/MoogFilter.dir/Users/maxi/code/repos/prologue-fx/shared/tpl/_unit.c.obj
_bss_end                                          CMakeFiles/MoogFilter.dir/Users/maxi/code/repos/prologue-fx/shared/tpl/_unit.c.obj
_bss_start                                        CMakeFiles/MoogFilter.dir/Users/maxi/code/repos/prologue-fx/shared/tpl/_unit.c.obj
_entry                                            CMakeFiles/MoogFilter.dir/Users/maxi/code/repos/prologue-fx/shared/tpl/_unit.c.obj
_hook_init                                        CMakeFiles/MoogFilter.dir/Users/maxi/code/repos/prologue-fx/shared/tpl/_unit.c.obj
_hook_param                                       CMakeFiles/MoogFilter.dir/Users/maxi/code/repos/prologue-fx/shared/tpl/_unit.c.obj
_hook_process                                     CMakeFiles/MoogFilter.dir/Users/maxi/code/repos/prologue-fx/shared/tpl/_unit.c.obj
_hook_resume                                      CMakeFiles/MoogFilter.dir/Users/maxi/code/repos/prologue-fx/shared/tpl/_unit.c.obj
_hook_suspend                                     CMakeFiles/MoogFilter.dir/Users/maxi/code/repos/prologue-fx/shared/tpl/_unit.c.obj
vtable for MoogFilterFX                           CMakeFiles/MoogFilter.dir/src/MoogFilterFX.cpp.obj/Users/maxi/code/repos/prologue-fx/tools/gcc/gcc-arm-none-eabi-5_4-2016q3/bin/../lib/gcc/arm-none-eabi/5.4.1/../../../../arm-none-eabi/bin/ld:/Users/maxi/code/repos/prologue-fx/fx/MoogFilter/../../shared/ld/usermodfx.ld:46: warning: redeclaration of memory region `SRAM'
/Users/maxi/code/repos/prologue-fx/tools/gcc/gcc-arm-none-eabi-5_4-2016q3/bin/../lib/gcc/arm-none-eabi/5.4.1/../../../../arm-none-eabi/bin/ld:/Users/maxi/code/repos/prologue-fx/fx/MoogFilter/../../shared/ld/usermodfx.ld:47: warning: redeclaration of memory region `SDRAM'

🔧 Generating MoogFilter.bin from ELF
[ 75%] Built target MoogFilter
[100%] 📦 Packaging MoogFilter.prlgunit into /Users/maxi/code/repos/prologue-fx/fx/MoogFilter/../../out
[100%] Built target MoogFilter_package
