===== BUILD LOG [Panner] =====
So 20 Apr 2025 00:41:37 CEST

[38;2;255;255;255m[INFO][0m    manifest updated → name=Panner  module=modfx  version=1.6-0
-- The C compiler identification is GNU 5.4.1
-- The CXX compiler identification is GNU 5.4.1
-- The ASM compiler identification is GNU
-- Found assembler: /Users/maxi/code/repos/prologue-fx/tools/gcc/gcc-arm-none-eabi-5_4-2016q3/bin/arm-none-eabi-gcc
-- Detecting C compiler ABI info
-- Detecting C compiler ABI info - done
-- Check for working C compiler: /Users/maxi/code/repos/prologue-fx/tools/gcc/gcc-arm-none-eabi-5_4-2016q3/bin/arm-none-eabi-gcc - skipped
-- Detecting C compile features
-- Detecting C compile features - done
-- Detecting CXX compiler ABI info
-- Detecting CXX compiler ABI info - done
-- Check for working CXX compiler: /Users/maxi/code/repos/prologue-fx/tools/gcc/gcc-arm-none-eabi-5_4-2016q3/bin/arm-none-eabi-g++ - skipped
-- Detecting CXX compile features
-- Detecting CXX compile features - done
-- Configuring done (1.2s)
-- Generating done (0.0s)
-- Build files have been written to: /Users/maxi/code/repos/prologue-fx/fx/Panner/build
[ 20%] Building CXX object CMakeFiles/Panner.dir/Users/maxi/code/repos/prologue-fx/shared/main_modfx.cpp.obj
[ 40%] Building C object CMakeFiles/Panner.dir/Users/maxi/code/repos/prologue-fx/shared/tpl/_unit.c.obj
[ 60%] Building CXX object CMakeFiles/Panner.dir/src/PanFX.cpp.obj
[ 80%] Linking CXX executable Panner.elf

Cross Reference Table

Symbol                                            File
FXBase::process_sub_L(float)                      CMakeFiles/Panner.dir/src/PanFX.cpp.obj
FXBase::process_sub_R(float)                      CMakeFiles/Panner.dir/src/PanFX.cpp.obj
PanFX::process_main_L(float)                      CMakeFiles/Panner.dir/src/PanFX.cpp.obj
                                                  CMakeFiles/Panner.dir/Users/maxi/code/repos/prologue-fx/shared/main_modfx.cpp.obj
PanFX::process_main_R(float)                      CMakeFiles/Panner.dir/src/PanFX.cpp.obj
                                                  CMakeFiles/Panner.dir/Users/maxi/code/repos/prologue-fx/shared/main_modfx.cpp.obj
PanFX::set_depth(float)                           CMakeFiles/Panner.dir/src/PanFX.cpp.obj
                                                  CMakeFiles/Panner.dir/Users/maxi/code/repos/prologue-fx/shared/main_modfx.cpp.obj
PanFX::set_speed(float)                           CMakeFiles/Panner.dir/src/PanFX.cpp.obj
                                                  CMakeFiles/Panner.dir/Users/maxi/code/repos/prologue-fx/shared/main_modfx.cpp.obj
__init_array_end                                  CMakeFiles/Panner.dir/Users/maxi/code/repos/prologue-fx/shared/tpl/_unit.c.obj
__init_array_start                                CMakeFiles/Panner.dir/Users/maxi/code/repos/prologue-fx/shared/tpl/_unit.c.obj
_bss_end                                          CMakeFiles/Panner.dir/Users/maxi/code/repos/prologue-fx/shared/tpl/_unit.c.obj
_bss_start                                        CMakeFiles/Panner.dir/Users/maxi/code/repos/prologue-fx/shared/tpl/_unit.c.obj
_entry                                            CMakeFiles/Panner.dir/Users/maxi/code/repos/prologue-fx/shared/tpl/_unit.c.obj
_hook_init                                        CMakeFiles/Panner.dir/Users/maxi/code/repos/prologue-fx/shared/main_modfx.cpp.obj
_hook_param                                       CMakeFiles/Panner.dir/Users/maxi/code/repos/prologue-fx/shared/main_modfx.cpp.obj
_hook_process                                     CMakeFiles/Panner.dir/Users/maxi/code/repos/prologue-fx/shared/main_modfx.cpp.obj
_hook_resume                                      CMakeFiles/Panner.dir/Users/maxi/code/repos/prologue-fx/shared/tpl/_unit.c.obj
_hook_suspend                                     CMakeFiles/Panner.dir/Users/maxi/code/repos/prologue-fx/shared/tpl/_unit.c.obj
vtable for PanFX                                  CMakeFiles/Panner.dir/src/PanFX.cpp.obj
                                                  CMakeFiles/Panner.dir/Users/maxi/code/repos/prologue-fx/shared/main_modfx.cpp.obj/Users/maxi/code/repos/prologue-fx/tools/gcc/gcc-arm-none-eabi-5_4-2016q3/bin/../lib/gcc/arm-none-eabi/5.4.1/../../../../arm-none-eabi/bin/ld:/Users/maxi/code/repos/prologue-fx/fx/Panner/../../shared/ld/usermodfx.ld:46: warning: redeclaration of memory region `SRAM'
/Users/maxi/code/repos/prologue-fx/tools/gcc/gcc-arm-none-eabi-5_4-2016q3/bin/../lib/gcc/arm-none-eabi/5.4.1/../../../../arm-none-eabi/bin/ld:/Users/maxi/code/repos/prologue-fx/fx/Panner/../../shared/ld/usermodfx.ld:47: warning: redeclaration of memory region `SDRAM'

🔧 Generating Panner.bin from ELF
[ 80%] Built target Panner
[100%] 📦 Packaging Panner.prlgunit into /Users/maxi/code/repos/prologue-fx/fx/Panner/../../out
[100%] Built target Panner_package
